# JRE version: OpenJDK Runtime Environment Temurin-11.0.17+8 (11.0.17+8) (build 11.0.17+8)
# Java VM: OpenJDK 64-Bit Server VM Temurin-11.0.17+8 (11.0.17+8, mixed mode, tiered, compressed oops, g1 gc, linux-amd64)
Heap:
 garbage-first heap   total 262144K, used 106581K [0x00000000c0000000, 0x0000000100000000)
  region size 1024K, 74 young (75776K), 3 survivors (3072K)
 Metaspace       used 68491K, capacity 74132K, committed 74328K, reserved 1114112K
  class space    used 7909K, capacity 9797K, committed 9856K, reserved 1048576K
GC Heap History (14 events):
Event: 0.333 GC heap before
{Heap before GC invocations=0 (full 0):
 garbage-first heap   total 262144K, used 23552K [0x00000000c0000000, 0x0000000100000000)
  region size 1024K, 24 young (24576K), 0 survivors (0K)
 Metaspace       used 12249K, capacity 12456K, committed 12672K, reserved 1060864K
  class space    used 1088K, capacity 1149K, committed 1152K, reserved 1048576K
}
Event: 0.343 GC heap after
{Heap after GC invocations=1 (full 0):
 garbage-first heap   total 262144K, used 8066K [0x00000000c0000000, 0x0000000100000000)
  region size 1024K, 3 young (3072K), 3 survivors (3072K)
 Metaspace       used 12249K, capacity 12456K, committed 12672K, reserved 1060864K
  class space    used 1088K, capacity 1149K, committed 1152K, reserved 1048576K
}
Event: 0.588 GC heap before
{Heap before GC invocations=1 (full 0):
 garbage-first heap   total 262144K, used 29570K [0x00000000c0000000, 0x0000000100000000)
  region size 1024K, 25 young (25600K), 3 survivors (3072K)
 Metaspace       used 18078K, capacity 18777K, committed 18944K, reserved 1067008K
  class space    used 1710K, capacity 1973K, committed 2048K, reserved 1048576K
}
Event: 0.593 GC heap after
{Heap after GC invocations=2 (full 0):
 garbage-first heap   total 262144K, used 11663K [0x00000000c0000000, 0x0000000100000000)
  region size 1024K, 4 young (4096K), 4 survivors (4096K)
 Metaspace       used 18078K, capacity 18777K, committed 18944K, reserved 1067008K
  class space    used 1710K, capacity 1973K, committed 2048K, reserved 1048576K
}
Event: 0.673 GC heap before
{Heap before GC invocations=2 (full 0):
 garbage-first heap   total 262144K, used 35215K [0x00000000c0000000, 0x0000000100000000)
  region size 1024K, 23 young (23552K), 4 survivors (4096K)
 Metaspace       used 19036K, capacity 19870K, committed 20096K, reserved 1067008K
  class space    used 1817K, capacity 2126K, committed 2176K, reserved 1048576K
}
Event: 0.676 GC heap after
{Heap after GC invocations=3 (full 0):
 garbage-first heap   total 262144K, used 19925K [0x00000000c0000000, 0x0000000100000000)
  region size 1024K, 3 young (3072K), 3 survivors (3072K)
 Metaspace       used 19036K, capacity 19870K, committed 20096K, reserved 1067008K
  class space    used 1817K, capacity 2126K, committed 2176K, reserved 1048576K
}
Event: 0.800 GC heap before
{Heap before GC invocations=3 (full 0):
 garbage-first heap   total 262144K, used 29141K [0x00000000c0000000, 0x0000000100000000)
  region size 1024K, 14 young (14336K), 3 survivors (3072K)
 Metaspace       used 20031K, capacity 21081K, committed 21248K, reserved 1069056K
  class space    used 1913K, capacity 2300K, committed 2304K, reserved 1048576K
}
Event: 0.803 GC heap after
{Heap after GC invocations=4 (full 0):
 garbage-first heap   total 262144K, used 22438K [0x00000000c0000000, 0x0000000100000000)
  region size 1024K, 6 young (6144K), 6 survivors (6144K)
 Metaspace       used 20031K, capacity 21081K, committed 21248K, reserved 1069056K
  class space    used 1913K, capacity 2300K, committed 2304K, reserved 1048576K
}
Event: 3.314 GC heap before
{Heap before GC invocations=5 (full 0):
 garbage-first heap   total 262144K, used 59302K [0x00000000c0000000, 0x0000000100000000)
  region size 1024K, 44 young (45056K), 6 survivors (6144K)
 Metaspace       used 32937K, capacity 35450K, committed 35584K, reserved 1081344K
  class space    used 3424K, capacity 4278K, committed 4352K, reserved 1048576K
}
Event: 3.326 GC heap after
{Heap after GC invocations=6 (full 0):
 garbage-first heap   total 262144K, used 20267K [0x00000000c0000000, 0x0000000100000000)
  region size 1024K, 9 young (9216K), 9 survivors (9216K)
 Metaspace       used 32937K, capacity 35450K, committed 35584K, reserved 1081344K
  class space    used 3424K, capacity 4278K, committed 4352K, reserved 1048576K
}
Event: 4.572 GC heap before
{Heap before GC invocations=7 (full 0):
 garbage-first heap   total 262144K, used 154411K [0x00000000c0000000, 0x0000000100000000)
  region size 1024K, 128 young (131072K), 9 survivors (9216K)
 Metaspace       used 54049K, capacity 58586K, committed 58880K, reserved 1099776K
  class space    used 6049K, capacity 7641K, committed 7680K, reserved 1048576K
}
Event: 4.594 GC heap after
{Heap after GC invocations=8 (full 0):
 garbage-first heap   total 262144K, used 32465K [0x00000000c0000000, 0x0000000100000000)
  region size 1024K, 16 young (16384K), 16 survivors (16384K)
 Metaspace       used 54049K, capacity 58586K, committed 58880K, reserved 1099776K
  class space    used 6049K, capacity 7641K, committed 7680K, reserved 1048576K
}
Event: 4.793 GC heap before
{Heap before GC invocations=8 (full 0):
 garbage-first heap   total 262144K, used 45777K [0x00000000c0000000, 0x0000000100000000)
  region size 1024K, 30 young (30720K), 16 survivors (16384K)
 Metaspace       used 55095K, capacity 59639K, committed 59736K, reserved 1101824K
  class space    used 6159K, capacity 7768K, committed 7808K, reserved 1048576K
}
Event: 4.810 GC heap after
{Heap after GC invocations=9 (full 0):
 garbage-first heap   total 262144K, used 34901K [0x00000000c0000000, 0x0000000100000000)
  region size 1024K, 3 young (3072K), 3 survivors (3072K)
 Metaspace       used 55095K, capacity 59639K, committed 59736K, reserved 1101824K
  class space    used 6159K, capacity 7768K, committed 7808K, reserved 1048576K
}

