# JRE version: OpenJDK Runtime Environment Temurin-11.0.17+8 (11.0.17+8) (build 11.0.17+8)
# Java VM: OpenJDK 64-Bit Server VM Temurin-11.0.17+8 (11.0.17+8, mixed mode, tiered, compressed oops, g1 gc, linux-amd64)
Heap:
 garbage-first heap   total 262144K, used 124562K [0x00000000c0000000, 0x0000000100000000)
  region size 1024K, 107 young (109568K), 20 survivors (20480K)
 Metaspace       used 69404K, capacity 75161K, committed 75384K, reserved 1114112K
  class space    used 8076K, capacity 10036K, committed 10112K, reserved 1048576K
GC Heap History (12 events):
Event: 0.299 GC heap before
{Heap before GC invocations=0 (full 0):
 garbage-first heap   total 262144K, used 23552K [0x00000000c0000000, 0x0000000100000000)
  region size 1024K, 24 young (24576K), 0 survivors (0K)
 Metaspace       used 12187K, capacity 12399K, committed 12672K, reserved 1060864K
  class space    used 1089K, capacity 1151K, committed 1152K, reserved 1048576K
}
Event: 0.307 GC heap after
{Heap after GC invocations=1 (full 0):
 garbage-first heap   total 262144K, used 8065K [0x00000000c0000000, 0x0000000100000000)
  region size 1024K, 3 young (3072K), 3 survivors (3072K)
 Metaspace       used 12187K, capacity 12399K, committed 12672K, reserved 1060864K
  class space    used 1089K, capacity 1151K, committed 1152K, reserved 1048576K
}
Event: 0.401 GC heap before
{Heap before GC invocations=1 (full 0):
 garbage-first heap   total 262144K, used 17281K [0x00000000c0000000, 0x0000000100000000)
  region size 1024K, 12 young (12288K), 3 survivors (3072K)
 Metaspace       used 13916K, capacity 14091K, committed 14208K, reserved 1062912K
  class space    used 1261K, capacity 1309K, committed 1408K, reserved 1048576K
}
Event: 0.405 GC heap after
{Heap after GC invocations=2 (full 0):
 garbage-first heap   total 262144K, used 9581K [0x00000000c0000000, 0x0000000100000000)
  region size 1024K, 2 young (2048K), 2 survivors (2048K)
 Metaspace       used 13916K, capacity 14091K, committed 14208K, reserved 1062912K
  class space    used 1261K, capacity 1309K, committed 1408K, reserved 1048576K
}
Event: 0.611 GC heap before
{Heap before GC invocations=2 (full 0):
 garbage-first heap   total 262144K, used 36205K [0x00000000c0000000, 0x0000000100000000)
  region size 1024K, 25 young (25600K), 2 survivors (2048K)
 Metaspace       used 18995K, capacity 19811K, committed 20096K, reserved 1067008K
  class space    used 1810K, capacity 2086K, committed 2176K, reserved 1048576K
}
Event: 0.615 GC heap after
{Heap after GC invocations=3 (full 0):
 garbage-first heap   total 262144K, used 17043K [0x00000000c0000000, 0x0000000100000000)
  region size 1024K, 4 young (4096K), 4 survivors (4096K)
 Metaspace       used 18995K, capacity 19811K, committed 20096K, reserved 1067008K
  class space    used 1810K, capacity 2086K, committed 2176K, reserved 1048576K
}
Event: 0.745 GC heap before
{Heap before GC invocations=3 (full 0):
 garbage-first heap   total 262144K, used 37523K [0x00000000c0000000, 0x0000000100000000)
  region size 1024K, 25 young (25600K), 4 survivors (4096K)
 Metaspace       used 19983K, capacity 21087K, committed 21248K, reserved 1069056K
  class space    used 1916K, capacity 2302K, committed 2304K, reserved 1048576K
}
Event: 0.751 GC heap after
{Heap after GC invocations=4 (full 0):
 garbage-first heap   total 262144K, used 21428K [0x00000000c0000000, 0x0000000100000000)
  region size 1024K, 8 young (8192K), 8 survivors (8192K)
 Metaspace       used 19983K, capacity 21087K, committed 21248K, reserved 1069056K
  class space    used 1916K, capacity 2302K, committed 2304K, reserved 1048576K
}
Event: 2.934 GC heap before
{Heap before GC invocations=5 (full 0):
 garbage-first heap   total 262144K, used 53172K [0x00000000c0000000, 0x0000000100000000)
  region size 1024K, 40 young (40960K), 8 survivors (8192K)
 Metaspace       used 33032K, capacity 35454K, committed 35584K, reserved 1081344K
  class space    used 3506K, capacity 4333K, committed 4352K, reserved 1048576K
}
Event: 2.944 GC heap after
{Heap after GC invocations=6 (full 0):
 garbage-first heap   total 262144K, used 17842K [0x00000000c0000000, 0x0000000100000000)
  region size 1024K, 7 young (7168K), 7 survivors (7168K)
 Metaspace       used 33032K, capacity 35454K, committed 35584K, reserved 1081344K
  class space    used 3506K, capacity 4333K, committed 4352K, reserved 1048576K
}
Event: 4.289 GC heap before
{Heap before GC invocations=7 (full 0):
 garbage-first heap   total 262144K, used 154034K [0x00000000c0000000, 0x0000000100000000)
  region size 1024K, 129 young (132096K), 7 survivors (7168K)
 Metaspace       used 55239K, capacity 59834K, committed 59896K, reserved 1101824K
  class space    used 6250K, capacity 7911K, committed 7936K, reserved 1048576K
}
Event: 4.311 GC heap after
{Heap after GC invocations=8 (full 0):
 garbage-first heap   total 262144K, used 37522K [0x00000000c0000000, 0x0000000100000000)
  region size 1024K, 20 young (20480K), 20 survivors (20480K)
 Metaspace       used 55239K, capacity 59834K, committed 59896K, reserved 1101824K
  class space    used 6250K, capacity 7911K, committed 7936K, reserved 1048576K
}

