# JRE version: OpenJDK Runtime Environment Temurin-11.0.17+8 (11.0.17+8) (build 11.0.17+8)
# Java VM: OpenJDK 64-Bit Server VM Temurin-11.0.17+8 (11.0.17+8, mixed mode, tiered, compressed oops, g1 gc, linux-amd64)
Heap:
 garbage-first heap   total 262144K, used 124683K [0x00000000c0000000, 0x0000000100000000)
  region size 1024K, 106 young (108544K), 20 survivors (20480K)
 Metaspace       used 69335K, capacity 75158K, committed 75384K, reserved 1114112K
  class space    used 8072K, capacity 10036K, committed 10112K, reserved 1048576K
GC Heap History (12 events):
Event: 0.287 GC heap before
{Heap before GC invocations=0 (full 0):
 garbage-first heap   total 262144K, used 23552K [0x00000000c0000000, 0x0000000100000000)
  region size 1024K, 24 young (24576K), 0 survivors (0K)
 Metaspace       used 12210K, capacity 12394K, committed 12672K, reserved 1060864K
  class space    used 1089K, capacity 1151K, committed 1152K, reserved 1048576K
}
Event: 0.296 GC heap after
{Heap after GC invocations=1 (full 0):
 garbage-first heap   total 262144K, used 8061K [0x00000000c0000000, 0x0000000100000000)
  region size 1024K, 3 young (3072K), 3 survivors (3072K)
 Metaspace       used 12210K, capacity 12394K, committed 12672K, reserved 1060864K
  class space    used 1089K, capacity 1151K, committed 1152K, reserved 1048576K
}
Event: 0.384 GC heap before
{Heap before GC invocations=1 (full 0):
 garbage-first heap   total 262144K, used 17277K [0x00000000c0000000, 0x0000000100000000)
  region size 1024K, 12 young (12288K), 3 survivors (3072K)
 Metaspace       used 13923K, capacity 14150K, committed 14464K, reserved 1062912K
  class space    used 1261K, capacity 1309K, committed 1408K, reserved 1048576K
}
Event: 0.392 GC heap after
{Heap after GC invocations=2 (full 0):
 garbage-first heap   total 262144K, used 9307K [0x00000000c0000000, 0x0000000100000000)
  region size 1024K, 2 young (2048K), 2 survivors (2048K)
 Metaspace       used 13923K, capacity 14150K, committed 14464K, reserved 1062912K
  class space    used 1261K, capacity 1309K, committed 1408K, reserved 1048576K
}
Event: 0.601 GC heap before
{Heap before GC invocations=2 (full 0):
 garbage-first heap   total 262144K, used 37979K [0x00000000c0000000, 0x0000000100000000)
  region size 1024K, 27 young (27648K), 2 survivors (2048K)
 Metaspace       used 18993K, capacity 19806K, committed 20096K, reserved 1067008K
  class space    used 1809K, capacity 2086K, committed 2176K, reserved 1048576K
}
Event: 0.605 GC heap after
{Heap after GC invocations=3 (full 0):
 garbage-first heap   total 262144K, used 17037K [0x00000000c0000000, 0x0000000100000000)
  region size 1024K, 4 young (4096K), 4 survivors (4096K)
 Metaspace       used 18993K, capacity 19806K, committed 20096K, reserved 1067008K
  class space    used 1809K, capacity 2086K, committed 2176K, reserved 1048576K
}
Event: 0.760 GC heap before
{Heap before GC invocations=3 (full 0):
 garbage-first heap   total 262144K, used 36493K [0x00000000c0000000, 0x0000000100000000)
  region size 1024K, 23 young (23552K), 4 survivors (4096K)
 Metaspace       used 20027K, capacity 21146K, committed 21248K, reserved 1069056K
  class space    used 1915K, capacity 2302K, committed 2304K, reserved 1048576K
}
Event: 0.765 GC heap after
{Heap after GC invocations=4 (full 0):
 garbage-first heap   total 262144K, used 21319K [0x00000000c0000000, 0x0000000100000000)
  region size 1024K, 8 young (8192K), 8 survivors (8192K)
 Metaspace       used 20027K, capacity 21146K, committed 21248K, reserved 1069056K
  class space    used 1915K, capacity 2302K, committed 2304K, reserved 1048576K
}
Event: 2.589 GC heap before
{Heap before GC invocations=5 (full 0):
 garbage-first heap   total 262144K, used 52039K [0x00000000c0000000, 0x0000000100000000)
  region size 1024K, 40 young (40960K), 8 survivors (8192K)
 Metaspace       used 33037K, capacity 35385K, committed 35584K, reserved 1081344K
  class space    used 3505K, capacity 4333K, committed 4352K, reserved 1048576K
}
Event: 2.599 GC heap after
{Heap after GC invocations=6 (full 0):
 garbage-first heap   total 262144K, used 17774K [0x00000000c0000000, 0x0000000100000000)
  region size 1024K, 7 young (7168K), 7 survivors (7168K)
 Metaspace       used 33037K, capacity 35385K, committed 35584K, reserved 1081344K
  class space    used 3505K, capacity 4333K, committed 4352K, reserved 1048576K
}
Event: 4.036 GC heap before
{Heap before GC invocations=7 (full 0):
 garbage-first heap   total 262144K, used 153966K [0x00000000c0000000, 0x0000000100000000)
  region size 1024K, 129 young (132096K), 7 survivors (7168K)
 Metaspace       used 55271K, capacity 59850K, committed 59896K, reserved 1101824K
  class space    used 6267K, capacity 7917K, committed 7936K, reserved 1048576K
}
Event: 4.059 GC heap after
{Heap after GC invocations=8 (full 0):
 garbage-first heap   total 262144K, used 37643K [0x00000000c0000000, 0x0000000100000000)
  region size 1024K, 20 young (20480K), 20 survivors (20480K)
 Metaspace       used 55271K, capacity 59850K, committed 59896K, reserved 1101824K
  class space    used 6267K, capacity 7917K, committed 7936K, reserved 1048576K
}

